  VoxelTextureAtlas.cpp
c:\users\gualty\desktop\at-task3-opengl\at-task3-opengl\gmath.h(245): warning C4244: 'argument': conversion from 'int' to 'float', possible loss of data
  VoxelRenderer.cpp
c:\users\gualty\desktop\at-task3-opengl\at-task3-opengl\gmath.h(245): warning C4244: 'argument': conversion from 'int' to 'float', possible loss of data
c:\users\gualty\desktop\at-task3-opengl\at-task3-opengl\voxeldata.h(4): warning C4067: unexpected tokens following preprocessor directive - expected a newline
c:\users\gualty\desktop\at-task3-opengl\at-task3-opengl\model.h(5): fatal error C1083: Cannot open include file: 'GL\glew.h': No such file or directory
  VoxelLevelLoader.cpp
c:\users\gualty\desktop\at-task3-opengl\at-task3-opengl\gmath.h(245): warning C4244: 'argument': conversion from 'int' to 'float', possible loss of data
c:\users\gualty\desktop\at-task3-opengl\at-task3-opengl\voxeldata.h(4): warning C4067: unexpected tokens following preprocessor directive - expected a newline
c:\users\gualty\desktop\at-task3-opengl\at-task3-opengl\model.h(5): fatal error C1083: Cannot open include file: 'GL\glew.h': No such file or directory
  Transform.cpp
c:\users\gualty\desktop\at-task3-opengl\at-task3-opengl\gmath.h(245): warning C4244: 'argument': conversion from 'int' to 'float', possible loss of data
  GMath.cpp
c:\users\gualty\desktop\at-task3-opengl\at-task3-opengl\gmath.h(245): warning C4244: 'argument': conversion from 'int' to 'float', possible loss of data
  Texture.cpp
c:\users\gualty\desktop\at-task3-opengl\at-task3-opengl\texture.h(3): fatal error C1083: Cannot open include file: 'GL\glew.h': No such file or directory
  SphereCollider.cpp
c:\users\gualty\desktop\at-task3-opengl\at-task3-opengl\gmath.h(245): warning C4244: 'argument': conversion from 'int' to 'float', possible loss of data
c:\users\gualty\desktop\at-task3-opengl\at-task3-opengl\spherecollider.h(4): fatal error C1083: Cannot open include file: 'GL\glew.h': No such file or directory
  Simulation.cpp
c:\users\gualty\desktop\at-task3-opengl\at-task3-opengl\display.h(6): fatal error C1083: Cannot open include file: 'GL\glew.h': No such file or directory
  Shader.cpp
c:\users\gualty\desktop\at-task3-opengl\at-task3-opengl\display.h(6): fatal error C1083: Cannot open include file: 'GL\glew.h': No such file or directory
  PerlinNoise.cpp
  Model.cpp
c:\users\gualty\desktop\at-task3-opengl\at-task3-opengl\model.h(5): fatal error C1083: Cannot open include file: 'GL\glew.h': No such file or directory
  Mesh.cpp
c:\users\gualty\desktop\at-task3-opengl\at-task3-opengl\mesh.h(6): fatal error C1083: Cannot open include file: 'GL\glew.h': No such file or directory
  Display.cpp
c:\users\gualty\desktop\at-task3-opengl\at-task3-opengl\display.h(6): fatal error C1083: Cannot open include file: 'GL\glew.h': No such file or directory
  main.cpp
c:\users\gualty\desktop\at-task3-opengl\at-task3-opengl\display.h(6): fatal error C1083: Cannot open include file: 'GL\glew.h': No such file or directory
  Lighting.cpp
c:\users\gualty\desktop\at-task3-opengl\at-task3-opengl\gmath.h(245): warning C4244: 'argument': conversion from 'int' to 'float', possible loss of data
  LevelExpanderRotation.cpp
c:\users\gualty\desktop\at-task3-opengl\at-task3-opengl\gmath.h(245): warning C4244: 'argument': conversion from 'int' to 'float', possible loss of data
c:\users\gualty\desktop\at-task3-opengl\at-task3-opengl\voxeldata.h(4): warning C4067: unexpected tokens following preprocessor directive - expected a newline
c:\users\gualty\desktop\at-task3-opengl\at-task3-opengl\model.h(5): fatal error C1083: Cannot open include file: 'GL\glew.h': No such file or directory
  LevelExpander.cpp
c:\users\gualty\desktop\at-task3-opengl\at-task3-opengl\gmath.h(245): warning C4244: 'argument': conversion from 'int' to 'float', possible loss of data
c:\users\gualty\desktop\at-task3-opengl\at-task3-opengl\voxeldata.h(4): warning C4067: unexpected tokens following preprocessor directive - expected a newline
c:\users\gualty\desktop\at-task3-opengl\at-task3-opengl\model.h(5): fatal error C1083: Cannot open include file: 'GL\glew.h': No such file or directory
  Input.cpp
c:\users\gualty\desktop\at-task3-opengl\at-task3-opengl\gmath.h(245): warning C4244: 'argument': conversion from 'int' to 'float', possible loss of data
c:\users\gualty\desktop\at-task3-opengl\at-task3-opengl\input.cpp(39): warning C4244: '=': conversion from 'int' to 'float', possible loss of data
c:\users\gualty\desktop\at-task3-opengl\at-task3-opengl\input.cpp(40): warning C4244: '=': conversion from 'int' to 'float', possible loss of data
c:\users\gualty\desktop\at-task3-opengl\at-task3-opengl\input.cpp(94): warning C4244: '=': conversion from 'int' to 'float', possible loss of data
c:\users\gualty\desktop\at-task3-opengl\at-task3-opengl\input.cpp(95): warning C4244: '=': conversion from 'int' to 'float', possible loss of data
c:\users\gualty\desktop\at-task3-opengl\at-task3-opengl\input.cpp(96): warning C4244: '=': conversion from 'int' to 'float', possible loss of data
c:\users\gualty\desktop\at-task3-opengl\at-task3-opengl\input.cpp(97): warning C4244: '=': conversion from 'int' to 'float', possible loss of data
  HairyModel.cpp
c:\users\gualty\desktop\at-task3-opengl\at-task3-opengl\model.h(5): fatal error C1083: Cannot open include file: 'GL\glew.h': No such file or directory
  guicon.cpp
c:\users\gualty\desktop\at-task3-opengl\at-task3-opengl\guicon.cpp(55): warning C4311: 'type cast': pointer truncation from 'HANDLE' to 'long'
c:\users\gualty\desktop\at-task3-opengl\at-task3-opengl\guicon.cpp(55): warning C4302: 'type cast': truncation from 'HANDLE' to 'long'
c:\users\gualty\desktop\at-task3-opengl\at-task3-opengl\guicon.cpp(67): warning C4311: 'type cast': pointer truncation from 'HANDLE' to 'long'
c:\users\gualty\desktop\at-task3-opengl\at-task3-opengl\guicon.cpp(67): warning C4302: 'type cast': truncation from 'HANDLE' to 'long'
c:\users\gualty\desktop\at-task3-opengl\at-task3-opengl\guicon.cpp(79): warning C4311: 'type cast': pointer truncation from 'HANDLE' to 'long'
c:\users\gualty\desktop\at-task3-opengl\at-task3-opengl\guicon.cpp(79): warning C4302: 'type cast': truncation from 'HANDLE' to 'long'
  Generating Code...
  Compiling...
  GameObject.cpp
c:\users\gualty\desktop\at-task3-opengl\at-task3-opengl\gmath.h(245): warning C4244: 'argument': conversion from 'int' to 'float', possible loss of data
c:\users\gualty\desktop\at-task3-opengl\at-task3-opengl\model.h(5): fatal error C1083: Cannot open include file: 'GL\glew.h': No such file or directory
  FTL.cpp
c:\users\gualty\desktop\at-task3-opengl\at-task3-opengl\gmath.h(245): warning C4244: 'argument': conversion from 'int' to 'float', possible loss of data
c:\users\gualty\desktop\at-task3-opengl\at-task3-opengl\spherecollider.h(4): fatal error C1083: Cannot open include file: 'GL\glew.h': No such file or directory
  CylinderCollider.cpp
c:\users\gualty\desktop\at-task3-opengl\at-task3-opengl\cylindercollider.h(2): fatal error C1083: Cannot open include file: 'GL\glew.h': No such file or directory
  CubeMeshData.cpp
c:\users\gualty\desktop\at-task3-opengl\at-task3-opengl\gmath.h(245): warning C4244: 'argument': conversion from 'int' to 'float', possible loss of data
c:\users\gualty\desktop\at-task3-opengl\at-task3-opengl\voxeldata.h(4): warning C4067: unexpected tokens following preprocessor directive - expected a newline
  Camera.cpp
c:\users\gualty\desktop\at-task3-opengl\at-task3-opengl\gmath.h(245): warning C4244: 'argument': conversion from 'int' to 'float', possible loss of data
c:\users\gualty\desktop\at-task3-opengl\at-task3-opengl\display.h(6): fatal error C1083: Cannot open include file: 'GL\glew.h': No such file or directory
  Generating Code...
